(0000) 3000  0011000000000000 (   1)                 .ORIG x3000
(3000) 5260  0101001001100000 (   2)                 AND   R1 R1 #0
(3001) 1263  0001001001100011 (   3)                 ADD   R1 R1 #3
(3002) 54A0  0101010010100000 (   4)                 AND   R2 R2 #0
(3003) 14A5  0001010010100101 (   5)                 ADD   R2 R2 #5
(3004) 56E0  0101011011100000 (   6)                 AND   R3 R3 #0
(3005) 16E8  0001011011101000 (   7)                 ADD   R3 R3 #8
(3006) 4819  0100100000011001 (   8) CONTINUE        JSR   PRINT
(3007) 4840  0100100001000000 (   9)                 JSR   AINPUTDATA
(3008) 28C5  0010100011000101 (  10)                 LD    R4 WINNERID
(3009) 193E  0001100100111110 (  11)                 ADD   R4 R4 #-2
(300A) 040F  0000010000001111 (  12)                 BRZ   WINNERISB
(300B) 20C5  0010000011000101 (  13)                 LD    R0 NEWLINE
(300C) F021  1111000000100001 (  14)                 TRAP  x21
(300D) 4812  0100100000010010 (  15)                 JSR   PRINT
(300E) 487C  0100100001111100 (  16)                 JSR   BINPUTDATA
(300F) 28BE  0010100010111110 (  17)                 LD    R4 WINNERID
(3010) 193F  0001100100111111 (  18)                 ADD   R4 R4 #-1
(3011) 0403  0000010000000011 (  19)                 BRZ   WINNERISA
(3012) 20BE  0010000010111110 (  20)                 LD    R0 NEWLINE
(3013) F021  1111000000100001 (  21)                 TRAP  x21
(3014) 0FF1  0000111111110001 (  22)                 BRNZP CONTINUE
(3015) 20BB  0010000010111011 (  23) WINNERISA       LD    R0 NEWLINE
(3016) F021  1111000000100001 (  24)                 TRAP  x21
(3017) E0C1  1110000011000001 (  25)                 LEA   R0 AWIN
(3018) F022  1111000000100010 (  26)                 TRAP  x22
(3019) 0E05  0000111000000101 (  27)                 BRNZP over
(301A) 20B6  0010000010110110 (  28) WINNERISB       LD    R0 NEWLINE
(301B) F021  1111000000100001 (  29)                 TRAP  x21
(301C) E0CB  1110000011001011 (  30)                 LEA   R0 BWIN
(301D) F022  1111000000100010 (  31)                 TRAP  x22
(301E) 0E00  0000111000000000 (  32)                 BRNZP over
(301F) F025  1111000000100101 (  33) over            TRAP  x25
(3020) 38B3  0011100010110011 (  41) PRINT           ST    R4 SAVER4
(3021) 30B1  0011000010110001 (  42)                 ST    R0 SAVER0
(3022) 3EB4  0011111010110100 (  43)                 ST    R7 SAVER7
(3023) E8D3  1110100011010011 (  44)                 LEA   R4 ROWA
(3024) 1120  0001000100100000 (  45)                 ADD   R0 R4 #0
(3025) F022  1111000000100010 (  46)                 TRAP  x22
(3026) 20AB  0010000010101011 (  47)                 LD    R0 ASCofO
(3027) 1860  0001100001100000 (  48)                 ADD   R4 R1 #0
(3028) 0C03  0000110000000011 (  49)                 BRNZ  NEXT1
(3029) F021  1111000000100001 (  50) OUTA            TRAP  x21
(302A) 193F  0001100100111111 (  51)                 ADD   R4 R4 #-1
(302B) 03FD  0000001111111101 (  52)                 BRP   OUTA
(302C) 20A4  0010000010100100 (  53) NEXT1           LD    R0 NEWLINE
(302D) F021  1111000000100001 (  54)                 TRAP  x21
(302E) E8CF  1110100011001111 (  56)                 LEA   R4 ROWB
(302F) 1120  0001000100100000 (  57)                 ADD   R0 R4 #0
(3030) F022  1111000000100010 (  58)                 TRAP  x22
(3031) 20A0  0010000010100000 (  59)                 LD    R0 ASCofO
(3032) 18A0  0001100010100000 (  60)                 ADD   R4 R2 #0
(3033) 0C03  0000110000000011 (  61)                 BRNZ  NEXT2
(3034) F021  1111000000100001 (  62) OUTB            TRAP  x21
(3035) 193F  0001100100111111 (  63)                 ADD   R4 R4 #-1
(3036) 03FD  0000001111111101 (  64)                 BRP   OUTB
(3037) 2099  0010000010011001 (  65) NEXT2           LD    R0 NEWLINE
(3038) F021  1111000000100001 (  66)                 TRAP  x21
(3039) E8CB  1110100011001011 (  68)                 LEA   R4 ROWC
(303A) 1120  0001000100100000 (  69)                 ADD   R0 R4 #0
(303B) F022  1111000000100010 (  70)                 TRAP  x22
(303C) 2095  0010000010010101 (  71)                 LD    R0 ASCofO
(303D) 18E0  0001100011100000 (  72)                 ADD   R4 R3 #0
(303E) 0C03  0000110000000011 (  73)                 BRNZ  NEXT3
(303F) F021  1111000000100001 (  74) OUTC            TRAP  x21
(3040) 193F  0001100100111111 (  75)                 ADD   R4 R4 #-1
(3041) 03FD  0000001111111101 (  76)                 BRP   OUTC
(3042) 208E  0010000010001110 (  77) NEXT3           LD    R0 NEWLINE
(3043) F021  1111000000100001 (  78)                 TRAP  x21
(3044) 288F  0010100010001111 (  80)                 LD    R4 SAVER4
(3045) 208D  0010000010001101 (  81)                 LD    R0 SAVER0
(3046) 2E90  0010111010010000 (  82)                 LD    R7 SAVER7
(3047) C1C0  1100000111000000 (  83)                 RET   
(3048) 308A  0011000010001010 (  87) AINPUTDATA      ST    R0 SAVER0
(3049) 3E8D  0011111010001101 (  88)                 ST    R7 SAVER7
(304A) 3A8A  0011101010001010 (  89)                 ST    R5 SAVER5
(304B) 3C8A  0011110010001010 (  90)                 ST    R6 SAVER6
(304C) E0D8  1110000011011000 (  91) AGAIN1          LEA   R0 PLAYER1
(304D) F022  1111000000100010 (  92)                 TRAP  x22
(304E) F020  1111000000100000 (  93)                 TRAP  x20
(304F) F021  1111000000100001 (  94)                 TRAP  x21
(3050) 5B60  0101101101100000 (  95)                 AND   R5 R5 #0
(3051) 1A20  0001101000100000 (  96)                 ADD   R5 R0 #0
(3052) F020  1111000000100000 (  97)                 TRAP  x20
(3053) F021  1111000000100001 (  98)                 TRAP  x21
(3054) 5DA0  0101110110100000 (  99)                 AND   R6 R6 #0
(3055) 2C82  0010110010000010 ( 100)                 LD    R6 NUMASC
(3056) 1C06  0001110000000110 ( 101)                 ADD   R6 R0 R6
(3057) 2079  0010000001111001 ( 102)                 LD    R0 NEWLINE
(3058) F021  1111000000100001 ( 103)                 TRAP  x21
(3059) 1DA0  0001110110100000 ( 104)                 ADD   R6 R6 #0
(305A) 0C06  0000110000000110 ( 105)                 BRNZ  ERROR1
(305B) 2873  0010100001110011 ( 106)                 LD    R4 MINUSA
(305C) 1944  0001100101000100 ( 107)                 ADD   R4 R5 R4
(305D) 0803  0000100000000011 ( 108)                 BRN   ERROR1
(305E) 193E  0001100100111110 ( 109)                 ADD   R4 R4 #-2
(305F) 0201  0000001000000001 ( 110)                 BRP   ERROR1
(3060) 0E05  0000111000000101 ( 111)                 BRNZP RIGHT1
(3061) E0AA  1110000010101010 ( 112) ERROR1          LEA   R0 TRYAGAIN
(3062) F022  1111000000100010 ( 113)                 TRAP  x22
(3063) 206D  0010000001101101 ( 114)                 LD    R0 NEWLINE
(3064) F021  1111000000100001 ( 115)                 TRAP  x21
(3065) 0FE6  0000111111100110 ( 116)                 BRNZP AGAIN1
(3066) 19A0  0001100110100000 ( 117) RIGHT1          ADD   R4 R6 #0
(3067) 993F  1001100100111111 ( 118)                 NOT   R4 R4
(3068) 1921  0001100100100001 ( 119)                 ADD   R4 R4 #1
(3069) 2066  0010000001100110 ( 120)                 LD    R0 MINUSB
(306A) 1140  0001000101000000 ( 121)                 ADD   R0 R5 R0
(306B) 060E  0000011000001110 ( 122)                 BRZP  A1
(306C) 1F01  0001111100000001 ( 123)                 ADD   R7 R4 R1
(306D) 09F3  0000100111110011 ( 124)                 BRN   ERROR1
(306E) 13E0  0001001111100000 ( 125)                 ADD   R1 R7 #0
(306F) 0401  0000010000000001 ( 126)                 BRZ   WIN111
(3070) 0E15  0000111000010101 ( 127)                 BRNZP JUMP1
(3071) 5FE0  0101111111100000 ( 128) WIN111          AND   R7 R7 #0
(3072) 1FC1  0001111111000001 ( 129)                 ADD   R7 R7 R1
(3073) 1FC2  0001111111000010 ( 130)                 ADD   R7 R7 R2
(3074) 1FC3  0001111111000011 ( 131)                 ADD   R7 R7 R3
(3075) 0A10  0000101000010000 ( 132)                 BRNP  JUMP1
(3076) 5920  0101100100100000 ( 133)                 AND   R4 R4 #0
(3077) 1922  0001100100100010 ( 134)                 ADD   R4 R4 #2
(3078) 3855  0011100001010101 ( 135)                 ST    R4 WINNERID
(3079) 0E0C  0000111000001100 ( 136)                 BRNZP JUMP1
(307A) 1020  0001000000100000 ( 137) A1              ADD   R0 R0 #0
(307B) 0205  0000001000000101 ( 138)                 BRP   A2
(307C) 1F02  0001111100000010 ( 139)                 ADD   R7 R4 R2
(307D) 09E3  0000100111100011 ( 140)                 BRN   ERROR1
(307E) 15E0  0001010111100000 ( 141)                 ADD   R2 R7 #0
(307F) 05F1  0000010111110001 ( 142)                 BRZ   WIN111
(3080) 0E05  0000111000000101 ( 143)                 BRNZP JUMP1
(3081) 1F03  0001111100000011 ( 144) A2              ADD   R7 R4 R3
(3082) 09DE  0000100111011110 ( 145)                 BRN   ERROR1
(3083) 17E0  0001011111100000 ( 146)                 ADD   R3 R7 #0
(3084) 05EC  0000010111101100 ( 147)                 BRZ   WIN111
(3085) 0E00  0000111000000000 ( 148)                 BRNZP JUMP1
(3086) 204C  0010000001001100 ( 149) JUMP1           LD    R0 SAVER0
(3087) 2A4D  0010101001001101 ( 150)                 LD    R5 SAVER5
(3088) 2C4D  0010110001001101 ( 151)                 LD    R6 SAVER6
(3089) 2E4D  0010111001001101 ( 152)                 LD    R7 SAVER7
(308A) C1C0  1100000111000000 ( 153)                 RET   
(308B) 3047  0011000001000111 ( 156) BINPUTDATA      ST    R0 SAVER0
(308C) 3E4A  0011111001001010 ( 157)                 ST    R7 SAVER7
(308D) 3A47  0011101001000111 ( 158)                 ST    R5 SAVER5
(308E) 3C47  0011110001000111 ( 159)                 ST    R6 SAVER6
(308F) E0C1  1110000011000001 ( 160) AGAIN2          LEA   R0 PLAYER2
(3090) F022  1111000000100010 ( 161)                 TRAP  x22
(3091) F020  1111000000100000 ( 162)                 TRAP  x20
(3092) F021  1111000000100001 ( 163)                 TRAP  x21
(3093) 5B60  0101101101100000 ( 164)                 AND   R5 R5 #0
(3094) 1A20  0001101000100000 ( 165)                 ADD   R5 R0 #0
(3095) F020  1111000000100000 ( 166)                 TRAP  x20
(3096) F021  1111000000100001 ( 167)                 TRAP  x21
(3097) 5DA0  0101110110100000 ( 168)                 AND   R6 R6 #0
(3098) 2C3F  0010110000111111 ( 169)                 LD    R6 NUMASC
(3099) 1C06  0001110000000110 ( 170)                 ADD   R6 R0 R6
(309A) 2036  0010000000110110 ( 171)                 LD    R0 NEWLINE
(309B) F021  1111000000100001 ( 172)                 TRAP  x21
(309C) 1DA0  0001110110100000 ( 173)                 ADD   R6 R6 #0
(309D) 0C06  0000110000000110 ( 174)                 BRNZ  ERROR2
(309E) 2830  0010100000110000 ( 175)                 LD    R4 MINUSA
(309F) 1944  0001100101000100 ( 176)                 ADD   R4 R5 R4
(30A0) 0803  0000100000000011 ( 177)                 BRN   ERROR2
(30A1) 193E  0001100100111110 ( 178)                 ADD   R4 R4 #-2
(30A2) 0201  0000001000000001 ( 179)                 BRP   ERROR2
(30A3) 0E05  0000111000000101 ( 180)                 BRNZP RIGHT2
(30A4) E067  1110000001100111 ( 181) ERROR2          LEA   R0 TRYAGAIN
(30A5) F022  1111000000100010 ( 182)                 TRAP  x22
(30A6) 202A  0010000000101010 ( 183)                 LD    R0 NEWLINE
(30A7) F021  1111000000100001 ( 184)                 TRAP  x21
(30A8) 0FE6  0000111111100110 ( 185)                 BRNZP AGAIN2
(30A9) 19A0  0001100110100000 ( 186) RIGHT2          ADD   R4 R6 #0
(30AA) 993F  1001100100111111 ( 187)                 NOT   R4 R4
(30AB) 1921  0001100100100001 ( 188)                 ADD   R4 R4 #1
(30AC) 2023  0010000000100011 ( 189)                 LD    R0 MINUSB
(30AD) 1140  0001000101000000 ( 190)                 ADD   R0 R5 R0
(30AE) 060E  0000011000001110 ( 191)                 BRZP  B
(30AF) 1F01  0001111100000001 ( 192)                 ADD   R7 R4 R1
(30B0) 09F3  0000100111110011 ( 193)                 BRN   ERROR2
(30B1) 13E0  0001001111100000 ( 194)                 ADD   R1 R7 #0
(30B2) 0401  0000010000000001 ( 195)                 BRZ   WIN112
(30B3) 0E15  0000111000010101 ( 196)                 BRNZP JUMP2
(30B4) 5FE0  0101111111100000 ( 197) WIN112          AND   R7 R7 #0
(30B5) 1FC1  0001111111000001 ( 198)                 ADD   R7 R7 R1
(30B6) 1FC2  0001111111000010 ( 199)                 ADD   R7 R7 R2
(30B7) 1FC3  0001111111000011 ( 200)                 ADD   R7 R7 R3
(30B8) 0A10  0000101000010000 ( 201)                 BRNP  JUMP2
(30B9) 5920  0101100100100000 ( 202)                 AND   R4 R4 #0
(30BA) 1921  0001100100100001 ( 203)                 ADD   R4 R4 #1
(30BB) 3812  0011100000010010 ( 204)                 ST    R4 WINNERID
(30BC) 0E0C  0000111000001100 ( 205)                 BRNZP JUMP2
(30BD) 1020  0001000000100000 ( 206) B               ADD   R0 R0 #0
(30BE) 0205  0000001000000101 ( 207)                 BRP   B2
(30BF) 1F02  0001111100000010 ( 208)                 ADD   R7 R4 R2
(30C0) 09E3  0000100111100011 ( 209)                 BRN   ERROR2
(30C1) 15E0  0001010111100000 ( 210)                 ADD   R2 R7 #0
(30C2) 05AE  0000010110101110 ( 211)                 BRZ   WIN111
(30C3) 0E05  0000111000000101 ( 212)                 BRNZP JUMP2
(30C4) 1F03  0001111100000011 ( 213) B2              ADD   R7 R4 R3
(30C5) 09DE  0000100111011110 ( 214)                 BRN   ERROR2
(30C6) 17E0  0001011111100000 ( 215)                 ADD   R3 R7 #0
(30C7) 05EC  0000010111101100 ( 216)                 BRZ   WIN112
(30C8) 0E00  0000111000000000 ( 217)                 BRNZP JUMP2
(30C9) 2009  0010000000001001 ( 218) JUMP2           LD    R0 SAVER0
(30CA) 2A0A  0010101000001010 ( 219)                 LD    R5 SAVER5
(30CB) 2C0A  0010110000001010 ( 220)                 LD    R6 SAVER6
(30CC) 2E0A  0010111000001010 ( 221)                 LD    R7 SAVER7
(30CD) C1C0  1100000111000000 ( 222)                 RET   
(30CE) 0000  0000000000000000 ( 226) WINNERID        .FILL x0000
(30CF) FFBF  1111111110111111 ( 226) MINUSA          .FILL xFFBF
(30D0) FFBE  1111111110111110 ( 227) MINUSB          .FILL xFFBE
(30D1) 000A  0000000000001010 ( 228) NEWLINE         .FILL x000A
(30D2) 006F  0000000001101111 ( 229) ASCofO          .FILL x006F
(30D3) 0000  0000000000000000 ( 230) SAVER0          .FILL x0000
(30D4) 0000  0000000000000000 ( 231) SAVER4          .FILL x0000
(30D5) 0000  0000000000000000 ( 232) SAVER5          .FILL x0000
(30D6) 0000  0000000000000000 ( 233) SAVER6          .FILL x0000
(30D7) 0000  0000000000000000 ( 234) SAVER7          .FILL x0000
(30D8) FFD0  1111111111010000 ( 235) NUMASC          .FILL xFFD0
(30D9) 0050  0000000001010000 ( 236) AWIN            .FILL x0050
(30DA) 004C  0000000001001100 ( 236)                 .FILL x004C
(30DB) 0041  0000000001000001 ( 236)                 .FILL x0041
(30DC) 0059  0000000001011001 ( 236)                 .FILL x0059
(30DD) 0045  0000000001000101 ( 236)                 .FILL x0045
(30DE) 0052  0000000001010010 ( 236)                 .FILL x0052
(30DF) 0020  0000000000100000 ( 236)                 .FILL x0020
(30E0) 0031  0000000000110001 ( 236)                 .FILL x0031
(30E1) 0020  0000000000100000 ( 236)                 .FILL x0020
(30E2) 0057  0000000001010111 ( 236)                 .FILL x0057
(30E3) 0069  0000000001101001 ( 236)                 .FILL x0069
(30E4) 006E  0000000001101110 ( 236)                 .FILL x006E
(30E5) 0073  0000000001110011 ( 236)                 .FILL x0073
(30E6) 002E  0000000000101110 ( 236)                 .FILL x002E
(30E7) 0000  0000000000000000 ( 236)                 .FILL x0000
(30E8) 0050  0000000001010000 ( 237) BWIN            .FILL x0050
(30E9) 006C  0000000001101100 ( 237)                 .FILL x006C
(30EA) 0061  0000000001100001 ( 237)                 .FILL x0061
(30EB) 0079  0000000001111001 ( 237)                 .FILL x0079
(30EC) 0065  0000000001100101 ( 237)                 .FILL x0065
(30ED) 0072  0000000001110010 ( 237)                 .FILL x0072
(30EE) 0020  0000000000100000 ( 237)                 .FILL x0020
(30EF) 0032  0000000000110010 ( 237)                 .FILL x0032
(30F0) 0020  0000000000100000 ( 237)                 .FILL x0020
(30F1) 0057  0000000001010111 ( 237)                 .FILL x0057
(30F2) 0069  0000000001101001 ( 237)                 .FILL x0069
(30F3) 006E  0000000001101110 ( 237)                 .FILL x006E
(30F4) 0073  0000000001110011 ( 237)                 .FILL x0073
(30F5) 002E  0000000000101110 ( 237)                 .FILL x002E
(30F6) 0000  0000000000000000 ( 237)                 .FILL x0000
(30F7) 0052  0000000001010010 ( 238) ROWA            .FILL x0052
(30F8) 004F  0000000001001111 ( 238)                 .FILL x004F
(30F9) 0057  0000000001010111 ( 238)                 .FILL x0057
(30FA) 0020  0000000000100000 ( 238)                 .FILL x0020
(30FB) 0041  0000000001000001 ( 238)                 .FILL x0041
(30FC) 003A  0000000000111010 ( 238)                 .FILL x003A
(30FD) 0000  0000000000000000 ( 238)                 .FILL x0000
(30FE) 0052  0000000001010010 ( 239) ROWB            .FILL x0052
(30FF) 004F  0000000001001111 ( 239)                 .FILL x004F
(3100) 0057  0000000001010111 ( 239)                 .FILL x0057
(3101) 0020  0000000000100000 ( 239)                 .FILL x0020
(3102) 0042  0000000001000010 ( 239)                 .FILL x0042
(3103) 003A  0000000000111010 ( 239)                 .FILL x003A
(3104) 0000  0000000000000000 ( 239)                 .FILL x0000
(3105) 0052  0000000001010010 ( 240) ROWC            .FILL x0052
(3106) 004F  0000000001001111 ( 240)                 .FILL x004F
(3107) 0057  0000000001010111 ( 240)                 .FILL x0057
(3108) 0020  0000000000100000 ( 240)                 .FILL x0020
(3109) 0043  0000000001000011 ( 240)                 .FILL x0043
(310A) 003A  0000000000111010 ( 240)                 .FILL x003A
(310B) 0000  0000000000000000 ( 240)                 .FILL x0000
(310C) 0049  0000000001001001 ( 241) TRYAGAIN        .FILL x0049
(310D) 006E  0000000001101110 ( 241)                 .FILL x006E
(310E) 0076  0000000001110110 ( 241)                 .FILL x0076
(310F) 0061  0000000001100001 ( 241)                 .FILL x0061
(3110) 006C  0000000001101100 ( 241)                 .FILL x006C
(3111) 0069  0000000001101001 ( 241)                 .FILL x0069
(3112) 0064  0000000001100100 ( 241)                 .FILL x0064
(3113) 0020  0000000000100000 ( 241)                 .FILL x0020
(3114) 006D  0000000001101101 ( 241)                 .FILL x006D
(3115) 006F  0000000001101111 ( 241)                 .FILL x006F
(3116) 0076  0000000001110110 ( 241)                 .FILL x0076
(3117) 0065  0000000001100101 ( 241)                 .FILL x0065
(3118) 002E  0000000000101110 ( 241)                 .FILL x002E
(3119) 0020  0000000000100000 ( 241)                 .FILL x0020
(311A) 0054  0000000001010100 ( 241)                 .FILL x0054
(311B) 0072  0000000001110010 ( 241)                 .FILL x0072
(311C) 0079  0000000001111001 ( 241)                 .FILL x0079
(311D) 0020  0000000000100000 ( 241)                 .FILL x0020
(311E) 0061  0000000001100001 ( 241)                 .FILL x0061
(311F) 0067  0000000001100111 ( 241)                 .FILL x0067
(3120) 0061  0000000001100001 ( 241)                 .FILL x0061
(3121) 0069  0000000001101001 ( 241)                 .FILL x0069
(3122) 006E  0000000001101110 ( 241)                 .FILL x006E
(3123) 002E  0000000000101110 ( 241)                 .FILL x002E
(3124) 0000  0000000000000000 ( 241)                 .FILL x0000
(3125) 0050  0000000001010000 ( 242) PLAYER1         .FILL x0050
(3126) 006C  0000000001101100 ( 242)                 .FILL x006C
(3127) 0061  0000000001100001 ( 242)                 .FILL x0061
(3128) 0079  0000000001111001 ( 242)                 .FILL x0079
(3129) 0065  0000000001100101 ( 242)                 .FILL x0065
(312A) 0072  0000000001110010 ( 242)                 .FILL x0072
(312B) 0020  0000000000100000 ( 242)                 .FILL x0020
(312C) 0031  0000000000110001 ( 242)                 .FILL x0031
(312D) 002C  0000000000101100 ( 242)                 .FILL x002C
(312E) 0020  0000000000100000 ( 242)                 .FILL x0020
(312F) 0063  0000000001100011 ( 242)                 .FILL x0063
(3130) 0068  0000000001101000 ( 242)                 .FILL x0068
(3131) 006F  0000000001101111 ( 242)                 .FILL x006F
(3132) 006F  0000000001101111 ( 242)                 .FILL x006F
(3133) 0073  0000000001110011 ( 242)                 .FILL x0073
(3134) 0065  0000000001100101 ( 242)                 .FILL x0065
(3135) 0020  0000000000100000 ( 242)                 .FILL x0020
(3136) 0061  0000000001100001 ( 242)                 .FILL x0061
(3137) 0020  0000000000100000 ( 242)                 .FILL x0020
(3138) 0072  0000000001110010 ( 242)                 .FILL x0072
(3139) 006F  0000000001101111 ( 242)                 .FILL x006F
(313A) 0077  0000000001110111 ( 242)                 .FILL x0077
(313B) 0020  0000000000100000 ( 242)                 .FILL x0020
(313C) 0061  0000000001100001 ( 242)                 .FILL x0061
(313D) 006E  0000000001101110 ( 242)                 .FILL x006E
(313E) 0064  0000000001100100 ( 242)                 .FILL x0064
(313F) 0020  0000000000100000 ( 242)                 .FILL x0020
(3140) 006E  0000000001101110 ( 242)                 .FILL x006E
(3141) 0075  0000000001110101 ( 242)                 .FILL x0075
(3142) 006D  0000000001101101 ( 242)                 .FILL x006D
(3143) 0062  0000000001100010 ( 242)                 .FILL x0062
(3144) 0065  0000000001100101 ( 242)                 .FILL x0065
(3145) 0072  0000000001110010 ( 242)                 .FILL x0072
(3146) 0020  0000000000100000 ( 242)                 .FILL x0020
(3147) 006F  0000000001101111 ( 242)                 .FILL x006F
(3148) 0066  0000000001100110 ( 242)                 .FILL x0066
(3149) 0020  0000000000100000 ( 242)                 .FILL x0020
(314A) 0072  0000000001110010 ( 242)                 .FILL x0072
(314B) 006F  0000000001101111 ( 242)                 .FILL x006F
(314C) 0063  0000000001100011 ( 242)                 .FILL x0063
(314D) 006B  0000000001101011 ( 242)                 .FILL x006B
(314E) 0073  0000000001110011 ( 242)                 .FILL x0073
(314F) 003A  0000000000111010 ( 242)                 .FILL x003A
(3150) 0000  0000000000000000 ( 242)                 .FILL x0000
(3151) 0050  0000000001010000 ( 243) PLAYER2         .FILL x0050
(3152) 006C  0000000001101100 ( 243)                 .FILL x006C
(3153) 0061  0000000001100001 ( 243)                 .FILL x0061
(3154) 0079  0000000001111001 ( 243)                 .FILL x0079
(3155) 0065  0000000001100101 ( 243)                 .FILL x0065
(3156) 0072  0000000001110010 ( 243)                 .FILL x0072
(3157) 0020  0000000000100000 ( 243)                 .FILL x0020
(3158) 0032  0000000000110010 ( 243)                 .FILL x0032
(3159) 002C  0000000000101100 ( 243)                 .FILL x002C
(315A) 0020  0000000000100000 ( 243)                 .FILL x0020
(315B) 0063  0000000001100011 ( 243)                 .FILL x0063
(315C) 0068  0000000001101000 ( 243)                 .FILL x0068
(315D) 006F  0000000001101111 ( 243)                 .FILL x006F
(315E) 006F  0000000001101111 ( 243)                 .FILL x006F
(315F) 0073  0000000001110011 ( 243)                 .FILL x0073
(3160) 0065  0000000001100101 ( 243)                 .FILL x0065
(3161) 0020  0000000000100000 ( 243)                 .FILL x0020
(3162) 0061  0000000001100001 ( 243)                 .FILL x0061
(3163) 0020  0000000000100000 ( 243)                 .FILL x0020
(3164) 0072  0000000001110010 ( 243)                 .FILL x0072
(3165) 006F  0000000001101111 ( 243)                 .FILL x006F
(3166) 0077  0000000001110111 ( 243)                 .FILL x0077
(3167) 0020  0000000000100000 ( 243)                 .FILL x0020
(3168) 0061  0000000001100001 ( 243)                 .FILL x0061
(3169) 006E  0000000001101110 ( 243)                 .FILL x006E
(316A) 0064  0000000001100100 ( 243)                 .FILL x0064
(316B) 0020  0000000000100000 ( 243)                 .FILL x0020
(316C) 006E  0000000001101110 ( 243)                 .FILL x006E
(316D) 0075  0000000001110101 ( 243)                 .FILL x0075
(316E) 006D  0000000001101101 ( 243)                 .FILL x006D
(316F) 0062  0000000001100010 ( 243)                 .FILL x0062
(3170) 0065  0000000001100101 ( 243)                 .FILL x0065
(3171) 0072  0000000001110010 ( 243)                 .FILL x0072
(3172) 0020  0000000000100000 ( 243)                 .FILL x0020
(3173) 006F  0000000001101111 ( 243)                 .FILL x006F
(3174) 0066  0000000001100110 ( 243)                 .FILL x0066
(3175) 0020  0000000000100000 ( 243)                 .FILL x0020
(3176) 0072  0000000001110010 ( 243)                 .FILL x0072
(3177) 006F  0000000001101111 ( 243)                 .FILL x006F
(3178) 0063  0000000001100011 ( 243)                 .FILL x0063
(3179) 006B  0000000001101011 ( 243)                 .FILL x006B
(317A) 0073  0000000001110011 ( 243)                 .FILL x0073
(317B) 003A  0000000000111010 ( 243)                 .FILL x003A
(317C) 0000  0000000000000000 ( 243)                 .FILL x0000
