(0000) 3000  0011000000000000 (   1)                 .ORIG x3000
(3000) 5020  0101000000100000 (   2)                 AND   R0 R0 #0
(3001) 5260  0101001001100000 (   3)                 AND   R1 R1 #0
(3002) 54A0  0101010010100000 (   4)                 AND   R2 R2 #0
(3003) 56E0  0101011011100000 (   5)                 AND   R3 R3 #0
(3004) 5920  0101100100100000 (   6)                 AND   R4 R4 #0
(3005) 5B60  0101101101100000 (   7)                 AND   R5 R5 #0
(3006) 5DA0  0101110110100000 (   8)                 AND   R6 R6 #0
(3007) 5FE0  0101111111100000 (   9)                 AND   R7 R7 #0
(3008) 1B6F  0001101101101111 (  11)                 ADD   R5 R5 #15
(3009) 1B61  0001101101100001 (  12)                 ADD   R5 R5 #1
(300A) 2463  0010010001100011 (  13)                 LD    R2 SCORE2
(300B) 1DAF  0001110110101111 (  14) OUTLOOP         ADD   R6 R6 #15
(300C) 2660  0010011001100000 (  15)                 LD    R3 SCORE
(300D) 60C0  0110000011000000 (  16)                 LDR   R0 R3 #0
(300E) 903F  1001000000111111 (  17)                 NOT   R0 R0
(300F) 1021  0001000000100001 (  18)                 ADD   R0 R0 #1
(3010) 16E1  0001011011100001 (  19) LOOP1           ADD   R3 R3 #1
(3011) 62C0  0110001011000000 (  20)                 LDR   R1 R3 #0
(3012) 1801  0001100000000001 (  21)                 ADD   R4 R0 R1
(3013) 0203  0000001000000011 (  22)                 BRP   SWAP
(3014) 1DBF  0001110110111111 (  23)                 ADD   R6 R6 #-1
(3015) 0408  0000010000001000 (  24)                 BRZ   GOOUT
(3016) 0FF9  0000111111111001 (  25)                 BRNZP LOOP1
(3017) 5020  0101000000100000 (  26) SWAP            AND   R0 R0 #0
(3018) 927F  1001001001111111 (  27)                 NOT   R1 R1
(3019) 1261  0001001001100001 (  28)                 ADD   R1 R1 #1
(301A) 1001  0001000000000001 (  29)                 ADD   R0 R0 R1
(301B) 1DBF  0001110110111111 (  30)                 ADD   R6 R6 #-1
(301C) 0401  0000010000000001 (  31)                 BRZ   GOOUT
(301D) 0FF2  0000111111110010 (  32)                 BRNZP LOOP1
(301E) 2E4E  0010111001001110 (  33) GOOUT           LD    R7 SCORE
(301F) 63C0  0110001111000000 (  34) LOOP2           LDR   R1 R7 #0
(3020) 1240  0001001001000000 (  35)                 ADD   R1 R1 R0
(3021) 0403  0000010000000011 (  36)                 BRZ   SET
(3022) 1FE1  0001111111100001 (  37)                 ADD   R7 R7 #1
(3023) 1260  0001001001100000 (  38)                 ADD   R1 R1 #0
(3024) 0BFA  0000101111111010 (  39)                 BRNP  LOOP2
(3025) 224D  0010001001001101 (  40) SET             LD    R1 MINUS1
(3026) 73C0  0111001111000000 (  41)                 STR   R1 R7 #0
(3027) 903F  1001000000111111 (  42)                 NOT   R0 R0
(3028) 1021  0001000000100001 (  43)                 ADD   R0 R0 #1
(3029) 14A1  0001010010100001 (  44)                 ADD   R2 R2 #1
(302A) 7080  0111000010000000 (  45)                 STR   R0 R2 #0
(302B) 1FE1  0001111111100001 (  46)                 ADD   R7 R7 #1
(302C) 1B7F  0001101101111111 (  47)                 ADD   R5 R5 #-1
(302D) 03DD  0000001111011101 (  48)                 BRP   OUTLOOP
(302E) 0400  0000010000000000 (  49)                 BRZ   END
(302F) 5020  0101000000100000 (  52) END             AND   R0 R0 #0
(3030) 5260  0101001001100000 (  53)                 AND   R1 R1 #0
(3031) 54A0  0101010010100000 (  54)                 AND   R2 R2 #0
(3032) 56E0  0101011011100000 (  55)                 AND   R3 R3 #0
(3033) 5920  0101100100100000 (  56)                 AND   R4 R4 #0
(3034) 5B60  0101101101100000 (  57)                 AND   R5 R5 #0
(3035) 5DA0  0101110110100000 (  58)                 AND   R6 R6 #0
(3036) 5FE0  0101111111100000 (  59)                 AND   R7 R7 #0
(3037) 1264  0001001001100100 (  63)                 ADD   R1 R1 #4
(3038) 2435  0010010000110101 (  64)                 LD    R2 SCORE2
(3039) 14A1  0001010010100001 (  65)                 ADD   R2 R2 #1
(303A) 2C36  0010110000110110 (  66)                 LD    R6 EIGHTYFIVE
(303B) 6080  0110000010000000 (  68) LOOP            LDR   R0 R2 #0
(303C) 1806  0001100000000110 (  69)                 ADD   R4 R0 R6
(303D) 0602  0000011000000010 (  70)                 BRZP  OVERABSOLUTE
(303E) 5B60  0101101101100000 (  71)                 AND   R5 R5 #0
(303F) 0E02  0000111000000010 (  72)                 BRNZP NEXT2
(3040) 5B60  0101101101100000 (  73) OVERABSOLUTE    AND   R5 R5 #0
(3041) 1B61  0001101101100001 (  74)                 ADD   R5 R5 #1
(3042) 1B7F  0001101101111111 (  75) NEXT2           ADD   R5 R5 #-1
(3043) 0805  0000100000000101 (  76)                 BRN   NO
(3044) 1FE1  0001111111100001 (  77) YES             ADD   R7 R7 #1
(3045) 14A1  0001010010100001 (  78)                 ADD   R2 R2 #1
(3046) 127F  0001001001111111 (  79)                 ADD   R1 R1 #-1
(3047) 03F3  0000001111110011 (  80)                 BRP   LOOP
(3048) 0404  0000010000000100 (  81)                 BRZ   END1
(3049) 14A1  0001010010100001 (  82) NO              ADD   R2 R2 #1
(304A) 127F  0001001001111111 (  83)                 ADD   R1 R1 #-1
(304B) 03EF  0000001111101111 (  84)                 BRP   LOOP
(304C) 0400  0000010000000000 (  85)                 BRZ   END1
(304D) BE21  1011111000100001 (  86) END1            STI   R7 GRADEA
(304E) 241F  0010010000011111 (  90)                 LD    R2 SCORE2
(304F) 14A1  0001010010100001 (  91)                 ADD   R2 R2 #1
(3050) 1487  0001010010000111 (  92)                 ADD   R2 R2 R7
(3051) 9FFF  1001111111111111 (  93)                 NOT   R7 R7
(3052) 1FE1  0001111111100001 (  94)                 ADD   R7 R7 #1
(3053) 1FE8  0001111111101000 (  95)                 ADD   R7 R7 #8
(3054) 5260  0101001001100000 (  96)                 AND   R1 R1 #0
(3055) 1247  0001001001000111 (  97)                 ADD   R1 R1 R7
(3056) 5DA0  0101110110100000 (  98)                 AND   R6 R6 #0
(3057) 2C1A  0010110000011010 (  99)                 LD    R6 SEVENTYFIVE
(3058) 5FE0  0101111111100000 ( 100)                 AND   R7 R7 #0
(3059) 6080  0110000010000000 ( 102) LOOP0           LDR   R0 R2 #0
(305A) 1806  0001100000000110 ( 103)                 ADD   R4 R0 R6
(305B) 0602  0000011000000010 ( 104)                 BRZP  OVERABSOLUTE1
(305C) 5B60  0101101101100000 ( 105)                 AND   R5 R5 #0
(305D) 0E09  0000111000001001 ( 106)                 BRNZP NO1
(305E) 5B60  0101101101100000 ( 107) OVERABSOLUTE1   AND   R5 R5 #0
(305F) 1B61  0001101101100001 ( 108)                 ADD   R5 R5 #1
(3060) 1B7F  0001101101111111 ( 109) NEXT4           ADD   R5 R5 #-1
(3061) 0805  0000100000000101 ( 110)                 BRN   NO1
(3062) 1FE1  0001111111100001 ( 111) YES1            ADD   R7 R7 #1
(3063) 14A1  0001010010100001 ( 112)                 ADD   R2 R2 #1
(3064) 127F  0001001001111111 ( 113)                 ADD   R1 R1 #-1
(3065) 03F3  0000001111110011 ( 114)                 BRP   LOOP0
(3066) 0404  0000010000000100 ( 115)                 BRZ   END2
(3067) 14A1  0001010010100001 ( 116) NO1             ADD   R2 R2 #1
(3068) 127F  0001001001111111 ( 117)                 ADD   R1 R1 #-1
(3069) 03EF  0000001111101111 ( 118)                 BRP   LOOP0
(306A) 0400  0000010000000000 ( 119)                 BRZ   END2
(306B) BE04  1011111000000100 ( 120) END2            STI   R7 GRADEB
(306C) F025  1111000000100101 ( 122)                 TRAP  x25
(306D) 3200  0011001000000000 ( 123) SCORE           .FILL x3200
(306E) 3FFF  0011111111111111 ( 124) SCORE2          .FILL x3FFF
(306F) 4100  0100000100000000 ( 125) GRADEA          .FILL x4100
(3070) 4101  0100000100000001 ( 126) GRADEB          .FILL x4101
(3071) FFAB  1111111110101011 ( 127) EIGHTYFIVE      .FILL xFFAB
(3072) FFB5  1111111110110101 ( 128) SEVENTYFIVE     .FILL xFFB5
(3073) FFFF  1111111111111111 ( 129) MINUS1          .FILL xFFFF
