(0000) 2000  0010000000000000 (   1)                 .ORIG x2000
(2000) 1DBF  0001110110111111 (   2)                 ADD   R6 R6 #-1
(2001) 7180  0111000110000000 (   3)                 STR   R0 R6 #0
(2002) 1DBF  0001110110111111 (   4)                 ADD   R6 R6 #-1
(2003) 7380  0111001110000000 (   5)                 STR   R1 R6 #0
(2004) 1DBF  0001110110111111 (   6)                 ADD   R6 R6 #-1
(2005) 7580  0111010110000000 (   7)                 STR   R2 R6 #0
(2006) 1DBF  0001110110111111 (   8)                 ADD   R6 R6 #-1
(2007) 7780  0111011110000000 (   9)                 STR   R3 R6 #0
(2008) 1DBF  0001110110111111 (  10)                 ADD   R6 R6 #-1
(2009) 7980  0111100110000000 (  11)                 STR   R4 R6 #0
(200A) 282A  0010100000101010 (  13)                 LD    R4 STRING
(200B) A224  1010001000100100 (  14) LOOP1           LDI   R1 KBSR
(200C) 07FE  0000011111111110 (  15)                 BRZP  LOOP1
(200D) A023  1010000000100011 (  16)                 LDI   R0 KBDR
(200E) 2425  0010010000100101 (  17)                 LD    R2 BREAK
(200F) 1480  0001010010000000 (  18)                 ADD   R2 R2 R0
(2010) 0403  0000010000000011 (  19)                 BRZ   LOOP
(2011) 7100  0111000100000000 (  20)                 STR   R0 R4 #0
(2012) 1921  0001100100100001 (  21)                 ADD   R4 R4 #1
(2013) 0FF7  0000111111110111 (  22)                 BRNZP LOOP1
(2014) 5020  0101000000100000 (  23) LOOP            AND   R0 R0 #0
(2015) 102A  0001000000101010 (  24)                 ADD   R0 R0 #10
(2016) 7100  0111000100000000 (  25)                 STR   R0 R4 #0
(2017) 56E0  0101011011100000 (  26) NEXT1           AND   R3 R3 #0
(2018) 16EA  0001011011101010 (  27)                 ADD   R3 R3 #10
(2019) 281B  0010100000011011 (  28) LOOP3           LD    R4 STRING
(201A) 6100  0110000100000000 (  29) LOOP5           LDR   R0 R4 #0
(201B) 1921  0001100100100001 (  30)                 ADD   R4 R4 #1
(201C) A215  1010001000010101 (  31) LOOP4           LDI   R1 DSR
(201D) 07FE  0000011111111110 (  32)                 BRZP  LOOP4
(201E) 2415  0010010000010101 (  33)                 LD    R2 BREAK
(201F) 1480  0001010010000000 (  34)                 ADD   R2 R2 R0
(2020) 0402  0000010000000010 (  35)                 BRZ   NEXT3
(2021) B011  1011000000010001 (  36)                 STI   R0 DDR
(2022) 0FF7  0000111111110111 (  37)                 BRNZP LOOP5
(2023) 16FF  0001011011111111 (  38) NEXT3           ADD   R3 R3 #-1
(2024) 03F4  0000001111110100 (  39)                 BRP   LOOP3
(2025) 6980  0110100110000000 (  40) NEXT2           LDR   R4 R6 #0
(2026) 1DA1  0001110110100001 (  42)                 ADD   R6 R6 #1
(2027) 6780  0110011110000000 (  43)                 LDR   R3 R6 #0
(2028) 1DA1  0001110110100001 (  44)                 ADD   R6 R6 #1
(2029) 6580  0110010110000000 (  45)                 LDR   R2 R6 #0
(202A) 1DA1  0001110110100001 (  46)                 ADD   R6 R6 #1
(202B) 6380  0110001110000000 (  47)                 LDR   R1 R6 #0
(202C) 1DA1  0001110110100001 (  48)                 ADD   R6 R6 #1
(202D) 6180  0110000110000000 (  49)                 LDR   R0 R6 #0
(202E) 1DA1  0001110110100001 (  50)                 ADD   R6 R6 #1
(202F) 8000  1000000000000000 (  51)                 RTI   
(2030) FE00  1111111000000000 (  53) KBSR            .FILL xFE00
(2031) FE02  1111111000000010 (  54) KBDR            .FILL xFE02
(2032) FE04  1111111000000100 (  55) DSR             .FILL xFE04
(2033) FE06  1111111000000110 (  56) DDR             .FILL xFE06
(2034) FFF6  1111111111110110 (  57) BREAK           .FILL xFFF6
(2035) 4000  0100000000000000 (  58) STRING          .FILL x4000
