(0000) 3000  0011000000000000 (   1)                 .ORIG x3000
(3000) 2C0F  0010110000001111 (   2)                 LD    R6 STACK
(3001) 220C  0010001000001100 (   3)                 LD    R1 ENTRY1
(3002) 240C  0010010000001100 (   4)                 LD    R2 STARTS
(3003) 7440  0111010001000000 (   5)                 STR   R2 R1 #0
(3004) 260C  0010011000001100 (   6)                 LD    R3 IE
(3005) B60C  1011011000001100 (   7)                 STI   R3 KBSR
(3006) E00C  1110000000001100 (   9) AGAIN           LEA   R0 STR1
(3007) F022  1111000000100010 (  10)                 TRAP  x22
(3008) 4840  0100100001000000 (  11)                 JSR   DELAY
(3009) E023  1110000000100011 (  12)                 LEA   R0 STR2
(300A) F022  1111000000100010 (  13)                 TRAP  x22
(300B) 483D  0100100000111101 (  14)                 JSR   DELAY
(300C) 0FF9  0000111111111001 (  15)                 BRNZP AGAIN
(300D) F025  1111000000100101 (  16)                 TRAP  x25
(300E) 0180  0000000110000000 (  18) ENTRY1          .FILL x0180
(300F) 2000  0010000000000000 (  19) STARTS          .FILL x2000
(3010) 3000  0011000000000000 (  20) STACK           .FILL x3000
(3011) 4000  0100000000000000 (  21) IE              .FILL x4000
(3012) FE00  1111111000000000 (  22) KBSR            .FILL xFE00
(3013) 0049  0000000001001001 (  23) STR1            .FILL x0049
(3014) 0043  0000000001000011 (  23)                 .FILL x0043
(3015) 0053  0000000001010011 (  23)                 .FILL x0053
(3016) 0020  0000000000100000 (  23)                 .FILL x0020
(3017) 0049  0000000001001001 (  23)                 .FILL x0049
(3018) 0043  0000000001000011 (  23)                 .FILL x0043
(3019) 0053  0000000001010011 (  23)                 .FILL x0053
(301A) 0020  0000000000100000 (  23)                 .FILL x0020
(301B) 0049  0000000001001001 (  23)                 .FILL x0049
(301C) 0043  0000000001000011 (  23)                 .FILL x0043
(301D) 0053  0000000001010011 (  23)                 .FILL x0053
(301E) 0020  0000000000100000 (  23)                 .FILL x0020
(301F) 0049  0000000001001001 (  23)                 .FILL x0049
(3020) 0043  0000000001000011 (  23)                 .FILL x0043
(3021) 0053  0000000001010011 (  23)                 .FILL x0053
(3022) 0020  0000000000100000 (  23)                 .FILL x0020
(3023) 0049  0000000001001001 (  23)                 .FILL x0049
(3024) 0043  0000000001000011 (  23)                 .FILL x0043
(3025) 0053  0000000001010011 (  23)                 .FILL x0053
(3026) 0020  0000000000100000 (  23)                 .FILL x0020
(3027) 0049  0000000001001001 (  23)                 .FILL x0049
(3028) 0043  0000000001000011 (  23)                 .FILL x0043
(3029) 0053  0000000001010011 (  23)                 .FILL x0053
(302A) 0020  0000000000100000 (  23)                 .FILL x0020
(302B) 000A  0000000000001010 (  23)                 .FILL x000A
(302C) 0000  0000000000000000 (  23)                 .FILL x0000
(302D) 0020  0000000000100000 (  24) STR2            .FILL x0020
(302E) 0020  0000000000100000 (  24)                 .FILL x0020
(302F) 0049  0000000001001001 (  24)                 .FILL x0049
(3030) 0043  0000000001000011 (  24)                 .FILL x0043
(3031) 0053  0000000001010011 (  24)                 .FILL x0053
(3032) 0020  0000000000100000 (  24)                 .FILL x0020
(3033) 0049  0000000001001001 (  24)                 .FILL x0049
(3034) 0043  0000000001000011 (  24)                 .FILL x0043
(3035) 0053  0000000001010011 (  24)                 .FILL x0053
(3036) 0020  0000000000100000 (  24)                 .FILL x0020
(3037) 0049  0000000001001001 (  24)                 .FILL x0049
(3038) 0043  0000000001000011 (  24)                 .FILL x0043
(3039) 0053  0000000001010011 (  24)                 .FILL x0053
(303A) 0020  0000000000100000 (  24)                 .FILL x0020
(303B) 0049  0000000001001001 (  24)                 .FILL x0049
(303C) 0043  0000000001000011 (  24)                 .FILL x0043
(303D) 0053  0000000001010011 (  24)                 .FILL x0053
(303E) 0020  0000000000100000 (  24)                 .FILL x0020
(303F) 0049  0000000001001001 (  24)                 .FILL x0049
(3040) 0043  0000000001000011 (  24)                 .FILL x0043
(3041) 0053  0000000001010011 (  24)                 .FILL x0053
(3042) 0020  0000000000100000 (  24)                 .FILL x0020
(3043) 0049  0000000001001001 (  24)                 .FILL x0049
(3044) 0043  0000000001000011 (  24)                 .FILL x0043
(3045) 0053  0000000001010011 (  24)                 .FILL x0053
(3046) 0020  0000000000100000 (  24)                 .FILL x0020
(3047) 000A  0000000000001010 (  24)                 .FILL x000A
(3048) 0000  0000000000000000 (  24)                 .FILL x0000
(3049) 3206  0011001000000110 (  26) DELAY           ST    R1 SaveR1
(304A) 2204  0010001000000100 (  27)                 LD    R1 COUNT
(304B) 127F  0001001001111111 (  28) REP             ADD   R1 R1 #-1
(304C) 03FE  0000001111111110 (  29)                 BRP   REP
(304D) 2202  0010001000000010 (  30)                 LD    R1 SaveR1
(304E) C1C0  1100000111000000 (  31)                 RET   
(304F) 09C4  0000100111000100 (  32) COUNT           .FILL x09C4
(3050) 0000  0000000000000000 (  35) SaveR1          .FILL x0000
